<?xml version="1.0" encoding="UTF-8"?>
<!-- Generated by org.testng.reporters.JUnitReportReporter -->
<testsuite hostname="DESKTOP-0KS36JN" failures="0" tests="1" name="inheritance.Child_PS1" time="0.017" errors="0" timestamp="2023-11-09T12:03:53 IST" skipped="0">
  <testcase classname="inheritance.Child_PS1" name="testRun" time="0.017"/>
</testsuite> <!-- inheritance.Child_PS1 -->
