<?xml version="1.0" encoding="UTF-8"?>
<!-- Generated by org.testng.reporters.JUnitReportReporter -->
<testsuite hostname="DESKTOP-0KS36JN" failures="0" tests="1" name="parameterized_constructor.TestClass" time="0.013" errors="0" timestamp="2023-11-09T14:30:40 IST" skipped="0">
  <testcase classname="parameterized_constructor.TestClass" name="test1" time="0.013"/>
</testsuite> <!-- parameterized_constructor.TestClass -->
